c:\users\1\source\repos\csgo_sdk\build\debug\vc142.pdb
c:\users\1\source\repos\csgo_sdk\build\debug\vc142.idb
c:\users\1\source\repos\csgo_sdk\build\debug\utils.obj
c:\users\1\source\repos\csgo_sdk\build\debug\math.obj
c:\users\1\source\repos\csgo_sdk\build\debug\input.obj
c:\users\1\source\repos\csgo_sdk\build\debug\dx_render.obj
c:\users\1\source\repos\csgo_sdk\build\debug\imgui_widgets.obj
c:\users\1\source\repos\csgo_sdk\build\debug\imgui_impl_win32.obj
c:\users\1\source\repos\csgo_sdk\build\debug\imgui_impl_dx9.obj
c:\users\1\source\repos\csgo_sdk\build\debug\imgui_draw.obj
c:\users\1\source\repos\csgo_sdk\build\debug\imgui.obj
c:\users\1\source\repos\csgo_sdk\build\debug\visuals.obj
c:\users\1\source\repos\csgo_sdk\build\debug\misc.obj
c:\users\1\source\repos\csgo_sdk\build\debug\grenade_pred.obj
c:\users\1\source\repos\csgo_sdk\build\debug\glow.obj
c:\users\1\source\repos\csgo_sdk\build\debug\clantag.obj
c:\users\1\source\repos\csgo_sdk\build\debug\config.obj
c:\users\1\source\repos\csgo_sdk\build\debug\chams.obj
c:\users\1\source\repos\csgo_sdk\build\debug\bhop.obj
c:\users\1\source\repos\csgo_sdk\build\debug\backtrack.obj
c:\users\1\source\repos\csgo_sdk\build\debug\autowall.obj
c:\users\1\source\repos\csgo_sdk\build\debug\aimbot.obj
c:\users\1\source\repos\csgo_sdk\build\debug\netvars.obj
c:\users\1\source\repos\csgo_sdk\build\debug\utlstring.obj
c:\users\1\source\repos\csgo_sdk\build\debug\utlbuffer.obj
c:\users\1\source\repos\csgo_sdk\build\debug\convar.obj
c:\users\1\source\repos\csgo_sdk\build\debug\color.obj
c:\users\1\source\repos\csgo_sdk\build\debug\checksum_md5.obj
c:\users\1\source\repos\csgo_sdk\build\debug\checksum_crc.obj
c:\users\1\source\repos\csgo_sdk\build\debug\characterset.obj
c:\users\1\source\repos\csgo_sdk\build\debug\vmatrix.obj
c:\users\1\source\repos\csgo_sdk\build\debug\vector4d.obj
c:\users\1\source\repos\csgo_sdk\build\debug\vector2d.obj
c:\users\1\source\repos\csgo_sdk\build\debug\sdk.obj
c:\users\1\source\repos\csgo_sdk\build\debug\csgostructs.obj
c:\users\1\source\repos\csgo_sdk\build\debug\render.obj
c:\users\1\source\repos\csgo_sdk\build\debug\configurations.obj
c:\users\1\source\repos\csgo_sdk\build\debug\menu.obj
c:\users\1\source\repos\csgo_sdk\build\debug\main.obj
c:\users\1\source\repos\csgo_sdk\build\debug\hooks.obj
c:\users\1\source\repos\csgo_sdk\build\debug\vfunc_hook.obj
c:\users\1\source\repos\csgo_sdk\build\debug\steam.obj
c:\users\1\source\repos\csgo_sdk\bin\debug\cheat.dll
c:\users\1\source\repos\csgo_sdk\build\debug\cheat.ilk
c:\users\1\source\repos\csgo_sdk\bin\debug\cheat.pdb
c:\users\1\source\repos\csgo_sdk\build\debug\csgo_sdk.tlog\cl.command.1.tlog
c:\users\1\source\repos\csgo_sdk\build\debug\csgo_sdk.tlog\cl.read.1.tlog
c:\users\1\source\repos\csgo_sdk\build\debug\csgo_sdk.tlog\cl.write.1.tlog
c:\users\1\source\repos\csgo_sdk\build\debug\csgo_sdk.tlog\link.command.1.tlog
c:\users\1\source\repos\csgo_sdk\build\debug\csgo_sdk.tlog\link.read.1.tlog
c:\users\1\source\repos\csgo_sdk\build\debug\csgo_sdk.tlog\link.write.1.tlog
