c:\users\1\source\repos\csgo_sdk\build\release\math.obj
c:\users\1\source\repos\csgo_sdk\build\release\input.obj
c:\users\1\source\repos\csgo_sdk\build\release\dx_render.obj
c:\users\1\source\repos\csgo_sdk\build\release\imgui_widgets.obj
c:\users\1\source\repos\csgo_sdk\build\release\imgui_impl_win32.obj
c:\users\1\source\repos\csgo_sdk\build\release\imgui_impl_dx9.obj
c:\users\1\source\repos\csgo_sdk\build\release\imgui_draw.obj
c:\users\1\source\repos\csgo_sdk\build\release\imgui.obj
c:\users\1\source\repos\csgo_sdk\build\release\visuals.obj
c:\users\1\source\repos\csgo_sdk\build\release\steam.obj
c:\users\1\source\repos\csgo_sdk\build\release\misc.obj
c:\users\1\source\repos\csgo_sdk\build\release\grenade_pred.obj
c:\users\1\source\repos\csgo_sdk\build\release\glow.obj
c:\users\1\source\repos\csgo_sdk\build\release\clantag.obj
c:\users\1\source\repos\csgo_sdk\build\release\config.obj
c:\users\1\source\repos\csgo_sdk\build\release\chams.obj
c:\users\1\source\repos\csgo_sdk\build\release\bhop.obj
c:\users\1\source\repos\csgo_sdk\build\release\backtrack.obj
c:\users\1\source\repos\csgo_sdk\build\release\autowall.obj
c:\users\1\source\repos\csgo_sdk\build\release\aimbot.obj
c:\users\1\source\repos\csgo_sdk\build\release\netvars.obj
c:\users\1\source\repos\csgo_sdk\build\release\utlstring.obj
c:\users\1\source\repos\csgo_sdk\build\release\utlbuffer.obj
c:\users\1\source\repos\csgo_sdk\build\release\convar.obj
c:\users\1\source\repos\csgo_sdk\build\release\color.obj
c:\users\1\source\repos\csgo_sdk\build\release\checksum_md5.obj
c:\users\1\source\repos\csgo_sdk\build\release\checksum_crc.obj
c:\users\1\source\repos\csgo_sdk\build\release\characterset.obj
c:\users\1\source\repos\csgo_sdk\build\release\vmatrix.obj
c:\users\1\source\repos\csgo_sdk\build\release\vector4d.obj
c:\users\1\source\repos\csgo_sdk\build\release\vector2d.obj
c:\users\1\source\repos\csgo_sdk\build\release\sdk.obj
c:\users\1\source\repos\csgo_sdk\build\release\csgostructs.obj
c:\users\1\source\repos\csgo_sdk\build\release\render.obj
c:\users\1\source\repos\csgo_sdk\build\release\configurations.obj
c:\users\1\source\repos\csgo_sdk\build\release\menu.obj
c:\users\1\source\repos\csgo_sdk\build\release\main.obj
c:\users\1\source\repos\csgo_sdk\build\release\hooks.obj
c:\users\1\source\repos\csgo_sdk\build\release\vfunc_hook.obj
c:\users\1\source\repos\csgo_sdk\build\release\utils.obj
c:\users\1\source\repos\csgo_sdk\bin\release\cheat.dll
c:\users\1\source\repos\csgo_sdk\build\release\cheat.ipdb
c:\users\1\source\repos\csgo_sdk\build\release\cheat.iobj
c:\users\1\source\repos\csgo_sdk\build\release\csgo_sdk.tlog\cl.command.1.tlog
c:\users\1\source\repos\csgo_sdk\build\release\csgo_sdk.tlog\cl.read.1.tlog
c:\users\1\source\repos\csgo_sdk\build\release\csgo_sdk.tlog\cl.write.1.tlog
c:\users\1\source\repos\csgo_sdk\build\release\csgo_sdk.tlog\link.command.1.tlog
c:\users\1\source\repos\csgo_sdk\build\release\csgo_sdk.tlog\link.read.1.tlog
c:\users\1\source\repos\csgo_sdk\build\release\csgo_sdk.tlog\link.write.1.tlog
